Message
{"dateTime":"20190912115831","debitMSISDN":"01671850655","creditOrganizationName":"ROYAL CAPITAL LTD-RM11539","creditShortCode":"01977605080","trxID":"6IC3TTDXV3","transactionStatus":"Completed","transactionType":"10002608","amount":"10.0","currency":"BDT"}
MessageId
a830d03c-d5b5-5c72-ad29-85cf3572bde3
Timestamp
2019-09-12T05:58:31.391Z
TopicArn
arn:aws:sns:ap-southeast-1:797962984373:bpt_01977605080
Type
Notification

Message
{"dateTime":"20190912173728","debitMSISDN":"01671850655","creditOrganizationName":"ROYAL CAPITAL LTD-RM11539","creditShortCode":"01977605080","trxID":"6IC5TYX2LB","transactionStatus":"Completed","transactionType":"10002608","amount":"100.0","currency":"BDT"}
MessageId
50f04a03-6040-5ba6-801e-1ff75078fef1
Timestamp
2019-09-12T11:37:28.949Z
TopicArn
arn:aws:sns:ap-southeast-1:797962984373:bpt_01977605080
Type
Notification

