Message
{"dateTime":"20190721104616","debitMSISDN":"01827071888","creditOrganizationName":"ROYAL CAPITAL LTD-RM11539","creditShortCode":"01977605080","trxID":"6GL38IF6ID","transactionStatus":"Completed","transactionType":"10002529","amount":"5000.0","currency":"BDT"}
MessageId
1b63999e-b76d-537d-9f16-cc33473551c3
Timestamp
2019-07-21T04:46:16.990Z
TopicArn
arn:aws:sns:ap-southeast-1:797962984373:bpt_01977605080
Type
Notification

Message
{"dateTime":"20190721130521","debitMSISDN":"01827071888","creditOrganizationName":"ROYAL CAPITAL LTD-RM11539","creditShortCode":"01977605080","trxID":"6GL38KG3PV","transactionStatus":"Completed","transactionType":"10002529","amount":"20000.0","currency":"BDT"}
MessageId
fb790ebe-b477-59cb-aaf7-5b10a4858138
Timestamp
2019-07-21T07:05:22.192Z
TopicArn
arn:aws:sns:ap-southeast-1:797962984373:bpt_01977605080
Type
Notification

Message
{"dateTime":"20190721132335","debitMSISDN":"01919131273","creditOrganizationName":"ROYAL CAPITAL LTD-RM11539","creditShortCode":"01977605080","trxID":"6GL98KOC8H","transactionStatus":"Completed","transactionType":"10002529","amount":"4200.0","currency":"BDT"}
MessageId
10820f3e-7a1e-522b-becb-5a906f2994df
Timestamp
2019-07-21T07:23:35.264Z
TopicArn
arn:aws:sns:ap-southeast-1:797962984373:bpt_01977605080
Type
Notification

Message
{"dateTime":"20190721143402","debitMSISDN":"01819999377","creditOrganizationName":"ROYAL CAPITAL LTD-RM11539","creditShortCode":"01977605080","trxID":"6GL88LGQJS","transactionStatus":"Completed","transactionReference":"RB3643","transactionType":"10002487","amount":"20000.0","currency":"BDT"}
MessageId
51580ce6-06e1-5448-9642-5948235ba09d
Timestamp
2019-07-21T08:34:02.957Z
TopicArn
arn:aws:sns:ap-southeast-1:797962984373:bpt_01977605080
Type
Notification

