Message
{"dateTime":"20190909110118","debitMSISDN":"01817274028","creditOrganizationName":"ROYAL CAPITAL LTD-RM11539","creditShortCode":"01977605080","trxID":"6I93SC1LH9","transactionStatus":"Completed","transactionReference":"AG4870","transactionType":"10002529","amount":"1500.0","currency":"BDT"}
MessageId
5dd1ac23-98b4-574f-8e0b-f9cc466a9bb6
Timestamp
2019-09-09T05:01:18.467Z
TopicArn
arn:aws:sns:ap-southeast-1:797962984373:bpt_01977605080
Type
Notification

Message
{"dateTime":"20190909122732","debitMSISDN":"01722722539","creditOrganizationName":"ROYAL CAPITAL LTD-RM11539","creditShortCode":"01977605080","trxID":"6I93SDOFBR","transactionStatus":"Completed","transactionReference":"79539","transactionType":"10002487","amount":"5100.0","currency":"BDT"}
MessageId
2399f96f-fd88-57d9-aa4c-ac800e9d2e4c
Timestamp
2019-09-09T06:27:33.234Z
TopicArn
arn:aws:sns:ap-southeast-1:797962984373:bpt_01977605080
Type
Notification

Message
{"dateTime":"20190909133312","debitMSISDN":"01919131273","creditOrganizationName":"ROYAL CAPITAL LTD-RM11539","creditShortCode":"01977605080","trxID":"6I99SERSDJ","transactionStatus":"Completed","transactionReference":"jr7385","transactionType":"10002529","amount":"200.0","currency":"BDT"}
MessageId
82484414-f349-529d-95de-11e4f1311be8
Timestamp
2019-09-09T07:33:12.686Z
TopicArn
arn:aws:sns:ap-southeast-1:797962984373:bpt_01977605080
Type
Notification

