Message
{"dateTime":"20190902121827","debitMSISDN":"01712000127","creditOrganizationName":"ROYAL CAPITAL LTD-RM11539","creditShortCode":"01977605080","trxID":"6I20P7DQNQ","transactionStatus":"Completed","transactionReference":"rb605","transactionType":"10002487","amount":"6500.0","currency":"BDT"}
MessageId
920d86ba-d04b-5fe7-9e56-d35c6638864a
Timestamp
2019-09-02T06:18:27.699Z
TopicArn
arn:aws:sns:ap-southeast-1:797962984373:bpt_01977605080
Type
Notification

Message
{"dateTime":"20190902124059","debitMSISDN":"01827071888","creditOrganizationName":"ROYAL CAPITAL LTD-RM11539","creditShortCode":"01977605080","trxID":"6I29P7R2D5","transactionStatus":"Completed","transactionReference":"RB3611","transactionType":"10002529","amount":"7500.0","currency":"BDT"}
MessageId
8ac82b3b-73cf-5fcc-8f66-7eddc873d8d4
Timestamp
2019-09-02T06:41:00.015Z
TopicArn
arn:aws:sns:ap-southeast-1:797962984373:bpt_01977605080
Type
Notification

Message
{"dateTime":"20190902124407","debitMSISDN":"01712063180","creditOrganizationName":"ROYAL CAPITAL LTD-RM11539","creditShortCode":"01977605080","trxID":"6I28P7SY22","transactionStatus":"Completed","transactionReference":"EB3099","transactionType":"10002529","amount":"2500.0","currency":"BDT"}
MessageId
620f8c79-8ba0-5f9e-ae39-d99f37d722ab
Timestamp
2019-09-02T06:44:07.566Z
TopicArn
arn:aws:sns:ap-southeast-1:797962984373:bpt_01977605080
Type
Notification

Message
{"dateTime":"20190902135816","debitMSISDN":"01718562314","creditOrganizationName":"ROYAL CAPITAL LTD-RM11539","creditShortCode":"01977605080","trxID":"6I20P8VCQI","transactionStatus":"Completed","transactionReference":"bg9760","transactionType":"10002487","amount":"8120.0","currency":"BDT"}
MessageId
8ce13f71-c6b0-50af-875d-6a970b686054
Timestamp
2019-09-02T07:58:16.828Z
TopicArn
arn:aws:sns:ap-southeast-1:797962984373:bpt_01977605080
Type
Notification

Message
{"dateTime":"20190902142001","debitMSISDN":"01716633521","creditOrganizationName":"ROYAL CAPITAL LTD-RM11539","creditShortCode":"01977605080","trxID":"6I26P95FK2","transactionStatus":"Completed","transactionReference":"RB4543","transactionType":"10002487","amount":"20000.0","currency":"BDT"}
MessageId
f8c1477c-0cec-55e0-8246-129ade1e233c
Timestamp
2019-09-02T08:20:02.242Z
TopicArn
arn:aws:sns:ap-southeast-1:797962984373:bpt_01977605080
Type
Notification

