Message
{"dateTime":"20190527124304","debitMSISDN":"01712000127","creditOrganizationName":"ROYAL CAPITAL LTD-RM11539","creditShortCode":"01977605080","trxID":"6ER1L5VCST","transactionStatus":"Completed","transactionReference":"rb605","transactionType":"10002487","amount":"10150.0","currency":"BDT"}
MessageId
c22fb873-078e-52d8-b8cf-ed168eb6b420
Timestamp
2019-05-27T06:43:04.568Z
TopicArn
arn:aws:sns:ap-southeast-1:797962984373:bpt_01977605080
Type
Notification

Message
{"dateTime":"20190527131521","debitMSISDN":"01717516560","creditOrganizationName":"ROYAL CAPITAL LTD-RM11539","creditShortCode":"01977605080","trxID":"6ER4L6D414","transactionStatus":"Completed","transactionType":"10002529","amount":"200.0","currency":"BDT"}
MessageId
bbde7caf-8aee-5d78-b7f5-29ca1a272065
Timestamp
2019-05-27T07:15:21.832Z
TopicArn
arn:aws:sns:ap-southeast-1:797962984373:bpt_01977605080
Type
Notification

