Message
{"dateTime":"20190915102046","debitMSISDN":"01717150961","creditOrganizationName":"ROYAL CAPITAL LTD-RM11539","creditShortCode":"01977605080","trxID":"6IF5V9P9AB","transactionStatus":"Completed","transactionReference":"1","transactionType":"10002487","amount":"300.0","currency":"BDT"}
MessageId
6cd49e62-19da-52cd-a43a-cb95a7848c75
Timestamp
2019-09-15T04:20:46.519Z
TopicArn
arn:aws:sns:ap-southeast-1:797962984373:bpt_01977605080
Type
Notification

Message
{"dateTime":"20190915102310","debitMSISDN":"01717150961","creditOrganizationName":"ROYAL CAPITAL LTD-RM11539","creditShortCode":"01977605080","trxID":"6IF8V9QZWU","transactionStatus":"Completed","transactionReference":"1","transactionType":"10002487","amount":"250.0","currency":"BDT"}
MessageId
16a7b29f-cf6b-5d26-8382-e76871848439
Timestamp
2019-09-15T04:23:11.320Z
TopicArn
arn:aws:sns:ap-southeast-1:797962984373:bpt_01977605080
Type
Notification

Message
{"dateTime":"20190915134926","debitMSISDN":"01712000127","creditOrganizationName":"ROYAL CAPITAL LTD-RM11539","creditShortCode":"01977605080","trxID":"6IF1VDPLHT","transactionStatus":"Completed","transactionReference":"rb604","transactionType":"10002487","amount":"10200.0","currency":"BDT"}
MessageId
74162c41-22ca-5e83-b58b-79b6cd8d4a7a
Timestamp
2019-09-15T07:49:27.231Z
TopicArn
arn:aws:sns:ap-southeast-1:797962984373:bpt_01977605080
Type
Notification

Message
{"dateTime":"20190915154636","debitMSISDN":"01671850655","creditOrganizationName":"ROYAL CAPITAL LTD-RM11539","creditShortCode":"01977605080","trxID":"6IF2VFFN7Q","transactionStatus":"Completed","transactionType":"10002608","amount":"10.0","currency":"BDT"}
MessageId
56f72846-c68a-5fe3-81a6-7dbecc377d55
Timestamp
2019-09-15T09:46:37.210Z
TopicArn
arn:aws:sns:ap-southeast-1:797962984373:bpt_01977605080
Type
Notification

Message
{"dateTime":"20190915161800","debitMSISDN":"01671850655","creditOrganizationName":"ROYAL CAPITAL LTD-RM11539","creditShortCode":"01977605080","trxID":"6IF8VFXKU4","transactionStatus":"Completed","transactionType":"10002608","amount":"10.0","currency":"BDT"}
MessageId
e36cb289-cc8e-5c74-bd20-e771de967700
Timestamp
2019-09-15T10:18:00.307Z
TopicArn
arn:aws:sns:ap-southeast-1:797962984373:bpt_01977605080
Type
Notification

