Message
{"dateTime":"20190630122112","debitMSISDN":"01729576186","creditOrganizationName":"ROYAL CAPITAL LTD-RM11539","creditShortCode":"01977605080","trxID":"6FU50JTHZZ","transactionStatus":"Completed","transactionReference":"BG9019","transactionType":"10002487","amount":"460.0","currency":"BDT"}
MessageId
82370aae-de2e-51a5-a99f-5f3c89368ed7
Timestamp
2019-06-30T06:21:12.997Z
TopicArn
arn:aws:sns:ap-southeast-1:797962984373:bpt_01977605080
Type
Notification

Message
{"dateTime":"20190630130551","debitMSISDN":"01827071888","creditOrganizationName":"ROYAL CAPITAL LTD-RM11539","creditShortCode":"01977605080","trxID":"6FU60KFX2Q","transactionStatus":"Completed","transactionType":"10002529","amount":"13000.0","currency":"BDT"}
MessageId
d1498d02-4855-5fcf-830c-d89029da08cf
Timestamp
2019-06-30T07:05:51.870Z
TopicArn
arn:aws:sns:ap-southeast-1:797962984373:bpt_01977605080
Type
Notification

Message
{"dateTime":"20190630145827","debitMSISDN":"01827071888","creditOrganizationName":"ROYAL CAPITAL LTD-RM11539","creditShortCode":"01977605080","trxID":"6FU10LQSIN","transactionStatus":"Completed","transactionType":"10002529","amount":"7100.0","currency":"BDT"}
MessageId
bf1492fc-ac17-5a8a-b6f8-c76ed7e3887c
Timestamp
2019-06-30T08:58:28.229Z
TopicArn
arn:aws:sns:ap-southeast-1:797962984373:bpt_01977605080
Type
Notification

Message
{"dateTime":"20190630153830","debitMSISDN":"01619440400","creditOrganizationName":"ROYAL CAPITAL LTD-RM11539","creditShortCode":"01977605080","trxID":"6FU80M619A","transactionStatus":"Completed","transactionType":"10002529","amount":"287.0","currency":"BDT"}
MessageId
655b35c9-a673-57a4-a861-605b2324355e
Timestamp
2019-06-30T09:38:31.096Z
TopicArn
arn:aws:sns:ap-southeast-1:797962984373:bpt_01977605080
Type
Notification

Message
{"dateTime":"20190630222420","debitMSISDN":"01938074509","creditOrganizationName":"ROYAL CAPITAL LTD-RM11539","creditShortCode":"01977605080","trxID":"6FU70SUX6Z","transactionStatus":"Completed","transactionReference":"JR7589","transactionType":"10002487","amount":"1015.0","currency":"BDT"}
MessageId
5ee96de4-72c7-5f9d-a167-387696b3ff66
Timestamp
2019-06-30T16:24:20.636Z
TopicArn
arn:aws:sns:ap-southeast-1:797962984373:bpt_01977605080
Type
Notification

