Message
{"dateTime":"20190710114518","debitMSISDN":"01919131273","creditOrganizationName":"ROYAL CAPITAL LTD-RM11539","creditShortCode":"01977605080","trxID":"6GA34COLMP","transactionStatus":"Completed","transactionType":"10002529","amount":"2000.0","currency":"BDT"}
MessageId
d76d1cd2-58d8-5c3c-997d-494d257620e5
Timestamp
2019-07-10T05:45:18.894Z
TopicArn
arn:aws:sns:ap-southeast-1:797962984373:bpt_01977605080
Type
Notification

Message
{"dateTime":"20190710142954","debitMSISDN":"01827071888","creditOrganizationName":"ROYAL CAPITAL LTD-RM11539","creditShortCode":"01977605080","trxID":"6GA64EZYE0","transactionStatus":"Completed","transactionType":"10002529","amount":"1500.0","currency":"BDT"}
MessageId
b181b43a-c6d6-57c0-8407-e1a5629414da
Timestamp
2019-07-10T08:29:54.527Z
TopicArn
arn:aws:sns:ap-southeast-1:797962984373:bpt_01977605080
Type
Notification

