Message
{"dateTime":"20190623132011","debitMSISDN":"01938074509","creditOrganizationName":"ROYAL CAPITAL LTD-RM11539","creditShortCode":"01977605080","trxID":"6FN8V49090","transactionStatus":"Completed","transactionReference":"JR7589","transactionType":"10002487","amount":"2030.0","currency":"BDT"}
MessageId
db23ed7a-40e4-56d9-9634-b8f36a8f6825
Timestamp
2019-06-23T07:20:11.791Z
TopicArn
arn:aws:sns:ap-southeast-1:797962984373:bpt_01977605080
Type
Notification

Message
{"dateTime":"20190623135911","debitMSISDN":"01829088086","creditOrganizationName":"ROYAL CAPITAL LTD-RM11539","creditShortCode":"01977605080","trxID":"6FN3V4PYZ9","transactionStatus":"Completed","transactionType":"10002529","amount":"15000.0","currency":"BDT"}
MessageId
e2475054-a882-584f-b04f-05dd9b0d0c9a
Timestamp
2019-06-23T07:59:11.802Z
TopicArn
arn:aws:sns:ap-southeast-1:797962984373:bpt_01977605080
Type
Notification

